DATASET EXISTS: CMIP6.CMIP.CMCC.CMCC-CM2-HR4.historical.r1i1p1f1.Ofx.basin.gn.v20200904
DATASET EXISTS: CMIP6.CMIP.CMCC.CMCC-CM2-SR5.historical.r1i1p1f1.Ofx.basin.gn.v20200616
DATASET EXISTS: CMIP6.CMIP.CMCC.CMCC-ESM2.historical.r1i1p1f1.Ofx.basin.gn.v20210114
DATASET EXISTS: CMIP6.CMIP.CNRM-CERFACS.CNRM-CM6-1-HR.historical.r1i1p1f2.Ofx.basin.gn.v20191021
DATASET EXISTS: CMIP6.CMIP.CNRM-CERFACS.CNRM-CM6-1.historical.r1i1p1f2.Ofx.basin.gn.v20180917
DATASET EXISTS: CMIP6.CMIP.CNRM-CERFACS.CNRM-ESM2-1.historical.r2i1p1f2.Ofx.basin.gn.v20190125
DATASET EXISTS: CMIP6.CMIP.CSIRO-ARCCSS.ACCESS-CM2.historical.r1i1p1f1.Ofx.basin.gn.v20191108
DATASET EXISTS: CMIP6.CMIP.CSIRO.ACCESS-ESM1-5.historical.r1i1p1f1.Ofx.basin.gn.v20191115
DATASET EXISTS: CMIP6.CMIP.EC-Earth-Consortium.EC-Earth3-AerChem.historical.r1i1p1f1.Ofx.basin.gn.v20200624
DATASET EXISTS: CMIP6.CMIP.EC-Earth-Consortium.EC-Earth3-CC.historical.r1i1p1f1.Ofx.basin.gn.v20210113
DATASET EXISTS: CMIP6.CMIP.EC-Earth-Consortium.EC-Earth3-Veg.historical.r5i1p1f1.Ofx.basin.gn.v20200312
DATASET MISSING: CMIP6.CMIP.EC-Earth-Consortium.EC-Earth3-Veg.historical.r12i1p1f1.Ofx.basin.gr.v20200925
DATASET MISSING: CMIP6.CMIP.EC-Earth-Consortium.EC-Earth3.historical.r2i1p1f1.Ofx.basin.gn.v20201215
DATASET EXISTS: CMIP6.CMIP.HAMMOZ-Consortium.MPI-ESM-1-2-HAM.historical.r1i1p1f1.Ofx.basin.gn.v20190627
DATASET EXISTS: CMIP6.CMIP.IPSL.IPSL-CM6A-LR.historical.r1i1p1f1.Ofx.basin.gn.v20180803
DATASET EXISTS: CMIP6.CMIP.MIROC.MIROC6.historical.r11i1p1f1.Ofx.basin.gn.v20200519
DATASET EXISTS: CMIP6.CMIP.MPI-M.MPI-ESM1-2-HR.historical.r1i1p1f1.Ofx.basin.gn.v20190710
DATASET EXISTS: CMIP6.CMIP.MPI-M.MPI-ESM1-2-LR.historical.r1i1p1f1.Ofx.basin.gn.v20190710
DATASET EXISTS: CMIP6.CMIP.MRI.MRI-ESM2-0.historical.r1i1p1f1.Ofx.basin.gn.v20191210
DATASET MISSING: CMIP6.CMIP.NCC.NorCPM1.historical.r1i1p1f1.Ofx.basin.gn.v20200724
DATASET MISSING: CMIP6.CMIP.NCC.NorESM2-LM.historical.r1i1p1f1.Ofx.basin.gn.v20190815
DATASET EXISTS: CMIP6.CMIP.NCC.NorESM2-MM.historical.r2i1p1f1.Ofx.basin.gn.v20200218
DATASET MISSING: CMIP6.CMIP.CMCC.CMCC-CM2-SR5.piControl.r1i1p1f1.Ofx.basin.gn.v20200616
DATASET MISSING: CMIP6.CMIP.CNRM-CERFACS.CNRM-CM6-1-HR.piControl.r1i1p1f2.Ofx.basin.gn.v20191021
DATASET MISSING: CMIP6.CMIP.CNRM-CERFACS.CNRM-CM6-1.piControl.r1i1p1f2.Ofx.basin.gn.v20180814
DATASET MISSING: CMIP6.CMIP.CNRM-CERFACS.CNRM-ESM2-1.piControl.r1i1p1f2.Ofx.basin.gn.v20181115
DATASET MISSING: CMIP6.CMIP.CSIRO-ARCCSS.ACCESS-CM2.piControl.r1i1p1f1.Ofx.basin.gn.v20191112
DATASET MISSING: CMIP6.CMIP.CSIRO.ACCESS-ESM1-5.piControl.r1i1p1f1.Ofx.basin.gn.v20191214
DATASET MISSING: CMIP6.CMIP.EC-Earth-Consortium.EC-Earth3-AerChem.piControl.r1i1p1f1.Ofx.basin.gn.v20200624
DATASET MISSING: CMIP6.CMIP.EC-Earth-Consortium.EC-Earth3-LR.piControl.r1i1p1f1.Ofx.basin.gn.v20200919
DATASET MISSING: CMIP6.CMIP.EC-Earth-Consortium.EC-Earth3.piControl.r1i1p1f1.Ofx.basin.gn.v20200918
DATASET MISSING: CMIP6.CMIP.HAMMOZ-Consortium.MPI-ESM-1-2-HAM.piControl.r1i1p1f1.Ofx.basin.gn.v20190627
DATASET MISSING: CMIP6.CMIP.IPSL.IPSL-CM6A-LR.piControl.r1i1p1f1.Ofx.basin.gn.v20200326
DATASET EXISTS: CMIP6.CMIP.MOHC.HadGEM3-GC31-LL.piControl.r1i1p1f1.Ofx.basin.gn.v20190709
DATASET EXISTS: CMIP6.CMIP.MOHC.HadGEM3-GC31-MM.piControl.r1i1p1f1.Ofx.basin.gn.v20200108
DATASET EXISTS: CMIP6.CMIP.MOHC.UKESM1-0-LL.piControl.r1i1p1f2.Ofx.basin.gn.v20190705
DATASET MISSING: CMIP6.CMIP.MPI-M.MPI-ESM1-2-HR.piControl.r1i1p1f1.Ofx.basin.gn.v20190710
DATASET MISSING: CMIP6.CMIP.MPI-M.MPI-ESM1-2-LR.piControl.r1i1p1f1.Ofx.basin.gn.v20190710
DATASET MISSING: CMIP6.CMIP.MRI.MRI-ESM2-0.piControl.r1i1p1f1.Ofx.basin.gn.v20191224
DATASET MISSING: CMIP6.CMIP.NASA-GISS.GISS-E2-1-G.piControl.r1i1p1f1.Ofx.basin.gn.v20180824
DATASET MISSING: CMIP6.CMIP.NCC.NorCPM1.piControl.r1i1p1f1.Ofx.basin.gn.v20190914
DATASET MISSING: CMIP6.CMIP.NCC.NorESM1-F.piControl.r1i1p1f1.Ofx.basin.gn.v20190920
DATASET MISSING: CMIP6.CMIP.NCC.NorESM2-LM.piControl.r1i1p1f1.Ofx.basin.gn.v20210118
DATASET MISSING: CMIP6.CMIP.NOAA-GFDL.GFDL-CM4.piControl.r1i1p1f1.Ofx.basin.gn.v20180701
DATASET MISSING: CMIP6.ScenarioMIP.EC-Earth-Consortium.EC-Earth3-Veg-LR.ssp119.r1i1p1f1.Ofx.basin.gn.v20201201
DATASET MISSING: CMIP6.ScenarioMIP.IPSL.IPSL-CM6A-LR.ssp119.r1i1p1f1.Ofx.basin.gn.v20190410
DATASET MISSING: CMIP6.ScenarioMIP.MRI.MRI-ESM2-0.ssp119.r1i1p1f1.Ofx.basin.gn.v20200120
DATASET MISSING: CMIP6.ScenarioMIP.CMCC.CMCC-CM2-SR5.ssp126.r1i1p1f1.Ofx.basin.gn.v20200717
DATASET MISSING: CMIP6.ScenarioMIP.CMCC.CMCC-ESM2.ssp126.r1i1p1f1.Ofx.basin.gn.v20210126
DATASET MISSING: CMIP6.ScenarioMIP.CSIRO-ARCCSS.ACCESS-CM2.ssp126.r1i1p1f1.Ofx.basin.gn.v20191108
DATASET MISSING: CMIP6.ScenarioMIP.CSIRO.ACCESS-ESM1-5.ssp126.r1i1p1f1.Ofx.basin.gn.v20191115
DATASET MISSING: CMIP6.ScenarioMIP.DKRZ.MPI-ESM1-2-HR.ssp126.r1i1p1f1.Ofx.basin.gn.v20190710
DATASET MISSING: CMIP6.ScenarioMIP.DWD.MPI-ESM1-2-HR.ssp126.r2i1p1f1.Ofx.basin.gn.v20190710
DATASET MISSING: CMIP6.ScenarioMIP.EC-Earth-Consortium.EC-Earth3-Veg-LR.ssp126.r1i1p1f1.Ofx.basin.gn.v20201201
DATASET MISSING: CMIP6.ScenarioMIP.EC-Earth-Consortium.EC-Earth3-Veg.ssp126.r12i1p1f1.Ofx.basin.gn.v20200925
DATASET MISSING: CMIP6.ScenarioMIP.EC-Earth-Consortium.EC-Earth3.ssp126.r6i1p1f1.Ofx.basin.gn.v20200201
DATASET MISSING: CMIP6.ScenarioMIP.IPSL.IPSL-CM6A-LR.ssp126.r1i1p1f1.Ofx.basin.gn.v20190903
DATASET MISSING: CMIP6.ScenarioMIP.MIROC.MIROC6.ssp126.r4i1p1f1.Ofx.basin.gn.v20200817
DATASET MISSING: CMIP6.ScenarioMIP.MPI-M.MPI-ESM1-2-LR.ssp126.r1i1p1f1.Ofx.basin.gn.v20190710
DATASET MISSING: CMIP6.ScenarioMIP.MRI.MRI-ESM2-0.ssp126.r1i1p1f1.Ofx.basin.gn.v20200222
DATASET MISSING: CMIP6.ScenarioMIP.CMCC.CMCC-CM2-SR5.ssp245.r1i1p1f1.Ofx.basin.gn.v20200617
DATASET MISSING: CMIP6.ScenarioMIP.CMCC.CMCC-ESM2.ssp245.r1i1p1f1.Ofx.basin.gn.v20210129
DATASET MISSING: CMIP6.ScenarioMIP.CSIRO-ARCCSS.ACCESS-CM2.ssp245.r1i1p1f1.Ofx.basin.gn.v20191108
DATASET MISSING: CMIP6.ScenarioMIP.CSIRO.ACCESS-ESM1-5.ssp245.r1i1p1f1.Ofx.basin.gn.v20191115
DATASET MISSING: CMIP6.ScenarioMIP.DKRZ.MPI-ESM1-2-HR.ssp245.r1i1p1f1.Ofx.basin.gn.v20190710
DATASET MISSING: CMIP6.ScenarioMIP.EC-Earth-Consortium.EC-Earth3-CC.ssp245.r1i1p1f1.Ofx.basin.gn.v20210113
DATASET MISSING: CMIP6.ScenarioMIP.EC-Earth-Consortium.EC-Earth3-Veg-LR.ssp245.r1i1p1f1.Ofx.basin.gn.v20201123
DATASET MISSING: CMIP6.ScenarioMIP.EC-Earth-Consortium.EC-Earth3-Veg.ssp245.r5i1p1f1.Ofx.basin.gn.v20200312
DATASET MISSING: CMIP6.ScenarioMIP.EC-Earth-Consortium.EC-Earth3.ssp245.r1i1p1f2.Ofx.basin.gn.v20201015
DATASET MISSING: CMIP6.ScenarioMIP.IPSL.IPSL-CM6A-LR.ssp245.r1i1p1f1.Ofx.basin.gn.v20190119
DATASET MISSING: CMIP6.ScenarioMIP.MIROC.MIROC6.ssp245.r4i1p1f1.Ofx.basin.gn.v20200623
DATASET MISSING: CMIP6.ScenarioMIP.MPI-M.MPI-ESM1-2-LR.ssp245.r1i1p1f1.Ofx.basin.gn.v20190710
DATASET MISSING: CMIP6.ScenarioMIP.MRI.MRI-ESM2-0.ssp245.r1i1p1f1.Ofx.basin.gn.v20200120
DATASET MISSING: CMIP6.ScenarioMIP.NCC.NorESM2-MM.ssp245.r2i1p1f1.Ofx.basin.gn.v20200702
DATASET MISSING: CMIP6.AerChemMIP.BCC.BCC-ESM1.ssp370.r1i1p1f1.Ofx.basin.gn.v20201021
DATASET MISSING: CMIP6.ScenarioMIP.BCC.BCC-CSM2-MR.ssp370.r1i1p1f1.Ofx.basin.gn.v20201021
DATASET MISSING: CMIP6.ScenarioMIP.CMCC.CMCC-CM2-SR5.ssp370.r1i1p1f1.Ofx.basin.gn.v20200622
DATASET MISSING: CMIP6.ScenarioMIP.CSIRO-ARCCSS.ACCESS-CM2.ssp370.r1i1p1f1.Ofx.basin.gn.v20191108
DATASET MISSING: CMIP6.ScenarioMIP.CSIRO.ACCESS-ESM1-5.ssp370.r1i1p1f1.Ofx.basin.gn.v20191115
DATASET MISSING: CMIP6.ScenarioMIP.DKRZ.MPI-ESM1-2-HR.ssp370.r1i1p1f1.Ofx.basin.gn.v20190710
DATASET MISSING: CMIP6.ScenarioMIP.EC-Earth-Consortium.EC-Earth3-AerChem.ssp370.r1i1p1f1.Ofx.basin.gn.v20200624
DATASET MISSING: CMIP6.ScenarioMIP.EC-Earth-Consortium.EC-Earth3-Veg-LR.ssp370.r1i1p1f1.Ofx.basin.gn.v20201123
DATASET MISSING: CMIP6.ScenarioMIP.EC-Earth-Consortium.EC-Earth3-Veg.ssp370.r12i1p1f1.Ofx.basin.gn.v20200925
DATASET MISSING: CMIP6.ScenarioMIP.EC-Earth-Consortium.EC-Earth3.ssp370.r6i1p1f1.Ofx.basin.gn.v20200201
DATASET MISSING: CMIP6.ScenarioMIP.HAMMOZ-Consortium.MPI-ESM-1-2-HAM.ssp370.r1i1p1f1.Ofx.basin.gn.v20190628
DATASET MISSING: CMIP6.ScenarioMIP.IPSL.IPSL-CM6A-LR.ssp370.r1i1p1f1.Ofx.basin.gn.v20190119
DATASET MISSING: CMIP6.ScenarioMIP.MPI-M.MPI-ESM1-2-LR.ssp370.r1i1p1f1.Ofx.basin.gn.v20190710
DATASET MISSING: CMIP6.ScenarioMIP.MRI.MRI-ESM2-0.ssp370.r1i1p1f1.Ofx.basin.gn.v20200120
DATASET MISSING: CMIP6.ScenarioMIP.IPSL.IPSL-CM6A-LR.ssp434.r1i1p1f1.Ofx.basin.gn.v20190506
DATASET MISSING: CMIP6.ScenarioMIP.MRI.MRI-ESM2-0.ssp434.r1i1p1f1.Ofx.basin.gn.v20200120
DATASET MISSING: CMIP6.ScenarioMIP.IPSL.IPSL-CM6A-LR.ssp460.r1i1p1f1.Ofx.basin.gn.v20190506
DATASET MISSING: CMIP6.ScenarioMIP.MRI.MRI-ESM2-0.ssp460.r1i1p1f1.Ofx.basin.gn.v20200120
DATASET MISSING: CMIP6.ScenarioMIP.IPSL.IPSL-CM6A-LR.ssp534-over.r1i1p1f1.Ofx.basin.gn.v20190909
DATASET MISSING: CMIP6.ScenarioMIP.MRI.MRI-ESM2-0.ssp534-over.r1i1p1f1.Ofx.basin.gn.v20200120
DATASET MISSING: CMIP6.ScenarioMIP.CMCC.CMCC-CM2-SR5.ssp585.r1i1p1f1.Ofx.basin.gn.v20200622
DATASET MISSING: CMIP6.ScenarioMIP.CMCC.CMCC-ESM2.ssp585.r1i1p1f1.Ofx.basin.gn.v20210126
DATASET MISSING: CMIP6.ScenarioMIP.CSIRO-ARCCSS.ACCESS-CM2.ssp585.r1i1p1f1.Ofx.basin.gn.v20191108
DATASET MISSING: CMIP6.ScenarioMIP.CSIRO.ACCESS-ESM1-5.ssp585.r1i1p1f1.Ofx.basin.gn.v20191115
DATASET MISSING: CMIP6.ScenarioMIP.DKRZ.MPI-ESM1-2-HR.ssp585.r1i1p1f1.Ofx.basin.gn.v20190710
DATASET MISSING: CMIP6.ScenarioMIP.DWD.MPI-ESM1-2-HR.ssp585.r2i1p1f1.Ofx.basin.gn.v20190710
DATASET MISSING: CMIP6.ScenarioMIP.EC-Earth-Consortium.EC-Earth3-CC.ssp585.r1i1p1f1.Ofx.basin.gn.v20210113
DATASET MISSING: CMIP6.ScenarioMIP.EC-Earth-Consortium.EC-Earth3-Veg-LR.ssp585.r1i1p1f1.Ofx.basin.gn.v20201201
DATASET MISSING: CMIP6.ScenarioMIP.EC-Earth-Consortium.EC-Earth3.ssp585.r3i1p1f1.Ofx.basin.gn.v20201104
DATASET MISSING: CMIP6.ScenarioMIP.IPSL.IPSL-CM6A-LR.ssp585.r1i1p1f1.Ofx.basin.gn.v20190903
DATASET MISSING: CMIP6.ScenarioMIP.MIROC.MIROC6.ssp585.r4i1p1f1.Ofx.basin.gn.v20200623
DATASET MISSING: CMIP6.ScenarioMIP.MPI-M.MPI-ESM1-2-LR.ssp585.r1i1p1f1.Ofx.basin.gn.v20190710
DATASET MISSING: CMIP6.ScenarioMIP.MRI.MRI-ESM2-0.ssp585.r1i1p1f1.Ofx.basin.gn.v20200120
