DATASET MISSING: CMIP6.CMIP.EC-Earth-Consortium.EC-Earth3-Veg.historical.r12i1p1f1.Omon.zos.gr.v20200925
DATASET MISSING: CMIP6.ScenarioMIP.EC-Earth-Consortium.EC-Earth3-Veg-LR.ssp119.r1i1p1f1.Amon.tauu.gr.v20201201
DATASET EXISTS: CMIP6.ScenarioMIP.CAS.FGOALS-g3.ssp245.r1i1p1f1.day.tasmax.gn.v20190818
DATASET MISSING: CMIP6.CMIP.NIMS-KMA.KACE-1-0-G.historical.r1i1p1f1.Omon.tos.gr.v20200130
DATASET MISSING: CMIP6.CMIP.NOAA-GFDL.GFDL-ESM4.historical.r1i1p1f1.fx.sftgif.gr1.v20190726
DATASET MISSING: CMIP6.ScenarioMIP.EC-Earth-Consortium.EC-Earth3-Veg-LR.ssp126.r1i1p1f1.day.pr.gr.v20201201
DATASET MISSING: CMIP6.CMIP.MIROC.MIROC-ES2H.historical.r1i1p1f2.Amon.rlus.gn.v20210125
DATASET EXISTS: CMIP6.CMIP.NCC.NorCPM1.historical.r1i1p1f1.fx.areacella.gn.v20200724
DATASET MISSING: CMIP6.ScenarioMIP.CAS.FGOALS-g3.ssp245.r1i1p1f1.day.tas.gn.v20190818
DATASET MISSING: CMIP6.ScenarioMIP.E3SM-Project.E3SM-1-1.ssp585.r1i1p1f1.Amon.tauu.gr.v20201117
DATASET MISSING: CMIP6.CMIP.NOAA-GFDL.GFDL-ESM4.historical.r1i1p1f1.fx.sftlf.gr1.v20190726
DATASET MISSING: CMIP6.ScenarioMIP.CAS.FGOALS-g3.ssp245.r1i1p1f1.day.tasmin.gn.v20190818
DATASET MISSING: CMIP6.ScenarioMIP.EC-Earth-Consortium.EC-Earth3-Veg-LR.ssp119.r1i1p1f1.SImon.siconc.gn.v20201201
DATASET MISSING: CMIP6.CMIP.CAS.FGOALS-g3.historical.r1i1p1f1.SImon.sitemptop.gn.v20210111
DATASET MISSING: CMIP6.CMIP.NOAA-GFDL.GFDL-CM4.historical.r1i1p1f1.Ofx.deptho.gr.v20180701
DATASET MISSING: CMIP6.CMIP.NIMS-KMA.KACE-1-0-G.historical.r1i1p1f1.SImon.sitemptop.gr.v20200130
DATASET EXISTS: CMIP6.CMIP.KIOST.KIOST-ESM.historical.r1i1p1f1.Omon.tos.gr1.v20200924
DATASET MISSING: CMIP6.CMIP.NCAR.CESM2-WACCM.historical.r1i1p1f1.Ofx.deptho.gn.v20190227
DATASET MISSING: CMIP6.ScenarioMIP.CAS.FGOALS-f3-L.ssp370.r1i1p1f1.Amon.ta.gr.v20191013
DATASET MISSING: CMIP6.CMIP.SNU.SAM0-UNICON.historical.r1i1p1f1.day.tas.gn.v20190323
DATASET MISSING: CMIP6.CMIP.NOAA-GFDL.GFDL-CM4.historical.r1i1p1f1.Ofx.deptho.gr2.v20180701
DATASET MISSING: CMIP6.CMIP.NOAA-GFDL.GFDL-ESM4.historical.r1i1p1f1.Ofx.deptho.gr.v20190726
DATASET MISSING: CMIP6.CMIP.NOAA-GFDL.GFDL-CM4.historical.r1i1p1f1.Ofx.deptho.gn.v20180701
DATASET MISSING: CMIP6.CMIP.EC-Earth-Consortium.EC-Earth3-Veg.historical.r12i1p1f1.Ofx.sftof.gr.v20200925
DATASET EXISTS: CMIP6.CMIP.NCC.NorCPM1.historical.r1i1p1f1.Ofx.areacello.gn.v20200724
DATASET MISSING: CMIP6.CMIP.NOAA-GFDL.GFDL-ESM4.historical.r1i1p1f1.Ofx.deptho.gn.v20190726
DATASET MISSING: CMIP6.ScenarioMIP.CAS.FGOALS-g3.ssp126.r1i1p1f1.day.sfcWind.gn.v20200928
DATASET MISSING: CMIP6.ScenarioMIP.E3SM-Project.E3SM-1-1.ssp585.r1i1p1f1.Amon.hur.gr.v20201124
DATASET MISSING: CMIP6.ScenarioMIP.NIMS-KMA.KACE-1-0-G.ssp585.r1i1p1f1.SImon.sitemptop.gr.v20200130
DATASET MISSING: CMIP6.ScenarioMIP.CSIRO.ACCESS-ESM1-5.ssp126.r1i1p1f1.day.pr.gn.v20191115
DATASET MISSING: CMIP6.CMIP.NCAR.CESM2-WACCM.historical.r1i1p1f1.Ofx.areacello.gn.v20190227
DATASET MISSING: CMIP6.CMIP.EC-Earth-Consortium.EC-Earth3-Veg.historical.r12i1p1f1.fx.areacella.gr.v20200925
DATASET MISSING: CMIP6.CMIP.NOAA-GFDL.GFDL-CM4.historical.r1i1p1f1.Lmon.mrro.gr1.v20180701
DATASET EXISTS: CMIP6.ScenarioMIP.KIOST.KIOST-ESM.ssp585.r1i1p1f1.day.pr.gr1.v20210125
DATASET MISSING: CMIP6.CMIP.NOAA-GFDL.GFDL-CM4.historical.r1i1p1f1.Ofx.deptho.gr1.v20180701
DATASET MISSING: CMIP6.CMIP.EC-Earth-Consortium.EC-Earth3-Veg.historical.r12i1p1f1.Ofx.areacello.gr.v20200925
DATASET MISSING: CMIP6.CMIP.NASA-GISS.GISS-E2-1-H.historical.r1i1p1f1.Amon.rlut.gn.v20190403
DATASET MISSING: CMIP6.CMIP.EC-Earth-Consortium.EC-Earth3-Veg-LR.historical.r1i1p1f1.Amon.tas.gr.v20200217
DATASET MISSING: CMIP6.CMIP.EC-Earth-Consortium.EC-Earth3-Veg.historical.r12i1p1f1.Ofx.deptho.gr.v20200925
DATASET MISSING: CMIP6.CMIP.CAS.FGOALS-g3.historical.r1i1p1f1.SImon.siconc.gn.v20210108
DATASET MISSING: CMIP6.CMIP.CAS.CAS-ESM2-0.historical.r1i1p1f1.Omon.sos.gn.v20200306
DATASET MISSING: CMIP6.ScenarioMIP.CAS.FGOALS-g3.ssp534-over.r1i1p1f1.day.pr.gn.v20200411
DATASET MISSING: CMIP6.ScenarioMIP.CAS.FGOALS-g3.ssp245.r1i1p1f1.Amon.zg.gn.v20190818
DATASET EXISTS: CMIP6.ScenarioMIP.HAMMOZ-Consortium.MPI-ESM-1-2-HAM.ssp370.r1i1p1f1.Amon.ta.gn.v20190628
DATASET MISSING: CMIP6.ScenarioMIP.CAS.FGOALS-g3.ssp434.r1i1p1f1.day.tasmax.gn.v20191217
DATASET MISSING: CMIP6.ScenarioMIP.CAS.FGOALS-f3-L.ssp245.r1i1p1f1.Amon.ta.gr.v20191013
DATASET MISSING: CMIP6.ScenarioMIP.CAS.FGOALS-g3.ssp434.r1i1p1f1.day.psl.gn.v20191217
DATASET MISSING: CMIP6.ScenarioMIP.CAS.FGOALS-g3.ssp534-over.r1i1p1f1.day.psl.gn.v20200411
DATASET MISSING: CMIP6.ScenarioMIP.CAS.FGOALS-g3.ssp434.r1i1p1f1.day.huss.gn.v20191217
DATASET MISSING: CMIP6.ScenarioMIP.CAS.FGOALS-g3.ssp434.r1i1p1f1.day.tasmin.gn.v20191217
DATASET MISSING: CMIP6.ScenarioMIP.CAS.FGOALS-g3.ssp534-over.r1i1p1f1.day.huss.gn.v20200411
